<?xml version="1.0" encoding="UTF-8"?>
<!-- Generated by org.testng.reporters.JUnitReportReporter -->
<testsuite hostname="LTIN242024" failures="0" tests="3" name="com.tests.AllTests" time="99.360" errors="0" timestamp="2024-02-26T23:12:12 IST" skipped="0">
  <testcase classname="com.tests.AllTests" name="upComingBikes" time="34.159"/>
  <testcase classname="com.tests.AllTests" name="usedCars" time="29.356"/>
  <testcase classname="com.tests.AllTests" name="testGoogleSignIn" time="35.845"/>
</testsuite> <!-- com.tests.AllTests -->
