<?xml version="1.0" encoding="UTF-8"?>
<!-- Generated by org.testng.reporters.JUnitReportReporter -->
<testsuite hostname="LTIN242024" failures="0" tests="3" name="com.tests.RegressionTests" time="97.596" errors="0" timestamp="2024-02-20T14:02:47 IST" skipped="0">
  <testcase classname="com.tests.RegressionTests" name="upComingBikes" time="33.116"/>
  <testcase classname="com.tests.RegressionTests" name="usedCars" time="36.811"/>
  <testcase classname="com.tests.RegressionTests" name="testGoogleSignIn" time="27.669"/>
</testsuite> <!-- com.tests.RegressionTests -->
