<?xml version="1.0" encoding="UTF-8"?>
<!-- Generated by org.testng.reporters.JUnitReportReporter -->
<testsuite hostname="LTIN242024" failures="0" tests="3" name="com.tests.AllTests" time="164.391" errors="0" timestamp="2024-02-28T16:50:43 IST" skipped="0">
  <testcase classname="com.tests.AllTests" name="upComingBikes" time="45.111"/>
  <system-out/>
  <testcase classname="com.tests.AllTests" name="usedCars" time="33.978"/>
  <system-out/>
  <testcase classname="com.tests.AllTests" name="testGoogleSignIn" time="85.302"/>
  <system-out/>
</testsuite> <!-- com.tests.AllTests -->
