<?xml version="1.0" encoding="UTF-8"?>
<!-- Generated by org.testng.reporters.JUnitReportReporter -->
<testsuite hostname="LTIN242024" failures="0" tests="3" name="com.tests.AllTests" time="85.824" errors="0" timestamp="2024-02-27T12:44:01 IST" skipped="0">
  <testcase classname="com.tests.AllTests" name="upComingBikes" time="27.868"/>
  <system-out/>
  <testcase classname="com.tests.AllTests" name="usedCars" time="27.330"/>
  <system-out/>
  <testcase classname="com.tests.AllTests" name="testGoogleSignIn" time="30.626"/>
  <system-out/>
</testsuite> <!-- com.tests.AllTests -->
